BOSE|2023:01:25:18:46:52:287|MARKET_INITIALIZATION
YEN: 559548
USD: 64175
EUR: 141444
YUAN: 234833
END_MARKET_INITIALIZATION
BOSE|2023:01:25:18:46:52:287|LOCK_BUY-TASE Trader-KIND_TO_BUY:USD-QUANTITY_TO_BUY:10-BID:9.799567-TOKEN:995fcf3e-6375-4574-8a7c-f837af498189
BOSE|2023:01:25:18:46:52:287|BUY-TOKEN:995fcf3e-6375-4574-8a7c-f837af498189-OK
BOSE|2023:01:25:18:46:52:287|LOCK_BUY-TASE Trader-KIND_TO_BUY:USD-QUANTITY_TO_BUY:10-BID:9.799568-TOKEN:c9fc28f5-f82d-4591-9233-772c33f0dc76
BOSE|2023:01:25:18:46:52:287|BUY-TOKEN:c9fc28f5-f82d-4591-9233-772c33f0dc76-OK
BOSE|2023:01:25:18:46:52:287|LOCK_BUY-TASE Trader-KIND_TO_BUY:USD-QUANTITY_TO_BUY:10-BID:9.79957-TOKEN:726bd155-0941-4793-a9e8-c97f4ef1ea5a
BOSE|2023:01:25:18:46:52:287|BUY-TOKEN:726bd155-0941-4793-a9e8-c97f4ef1ea5a-OK
BOSE|2023:01:25:18:46:52:287|LOCK_BUY-TASE Trader-KIND_TO_BUY:USD-QUANTITY_TO_BUY:10-BID:9.799571-TOKEN:a8a611b1-948c-45a9-accd-c1c8b349f919
BOSE|2023:01:25:18:46:52:287|BUY-TOKEN:a8a611b1-948c-45a9-accd-c1c8b349f919-OK
BOSE|2023:01:25:18:46:52:287|LOCK_BUY-TASE Trader-KIND_TO_BUY:USD-QUANTITY_TO_BUY:10-BID:9.799572-TOKEN:e9f80189-104a-47d4-b0ae-5c7e27a63dd0
BOSE|2023:01:25:18:46:52:287|BUY-TOKEN:e9f80189-104a-47d4-b0ae-5c7e27a63dd0-OK
BOSE|2023:01:25:18:46:52:287|LOCK_BUY-TASE Trader-KIND_TO_BUY:USD-QUANTITY_TO_BUY:10-BID:9.799573-TOKEN:54d2ca07-181c-487c-a499-18db8094c802
BOSE|2023:01:25:18:46:52:287|BUY-TOKEN:54d2ca07-181c-487c-a499-18db8094c802-OK
BOSE|2023:01:25:18:46:52:287|LOCK_BUY-TASE Trader-KIND_TO_BUY:USD-QUANTITY_TO_BUY:10-BID:9.799574-TOKEN:0c272499-9f26-49ab-bc53-37961fa6ad8b
BOSE|2023:01:25:18:46:52:287|BUY-TOKEN:0c272499-9f26-49ab-bc53-37961fa6ad8b-OK
BOSE|2023:01:25:18:46:52:287|LOCK_BUY-TASE Trader-KIND_TO_BUY:USD-QUANTITY_TO_BUY:10-BID:9.799576-TOKEN:c1d174a3-f7e3-4e50-9951-c8fc31935247
BOSE|2023:01:25:18:46:52:287|BUY-TOKEN:c1d174a3-f7e3-4e50-9951-c8fc31935247-OK
BOSE|2023:01:25:18:46:52:287|LOCK_BUY-TASE Trader-KIND_TO_BUY:USD-QUANTITY_TO_BUY:10-BID:9.799577-TOKEN:374e9431-8825-426d-9f0e-3d147afb8b3c
BOSE|2023:01:25:18:46:52:287|BUY-TOKEN:374e9431-8825-426d-9f0e-3d147afb8b3c-OK
BOSE|2023:01:25:18:46:52:288|LOCK_BUY-TASE Trader-KIND_TO_BUY:USD-QUANTITY_TO_BUY:10-BID:9.799578-TOKEN:fa42293e-1ac2-4937-919c-d9cced15762e
BOSE|2023:01:25:18:46:52:288|BUY-TOKEN:fa42293e-1ac2-4937-919c-d9cced15762e-OK
BOSE|2023:01:25:18:46:52:288|LOCK_BUY-TASE Trader-KIND_TO_BUY:USD-QUANTITY_TO_BUY:10-BID:9.79958-TOKEN:76a28d47-ca5d-41b9-9ab9-db398dd682f4
BOSE|2023:01:25:18:46:52:288|BUY-TOKEN:76a28d47-ca5d-41b9-9ab9-db398dd682f4-OK
BOSE|2023:01:25:18:46:52:288|LOCK_BUY-TASE Trader-KIND_TO_BUY:USD-QUANTITY_TO_BUY:10-BID:9.799581-TOKEN:f67f7ec8-0587-42bc-ab15-bf550ae5cfe5
BOSE|2023:01:25:18:46:52:288|BUY-TOKEN:f67f7ec8-0587-42bc-ab15-bf550ae5cfe5-OK
BOSE|2023:01:25:18:46:52:288|LOCK_BUY-TASE Trader-KIND_TO_BUY:USD-QUANTITY_TO_BUY:10-BID:9.799582-TOKEN:4c42af26-0e9d-40f1-bedb-d2ac76c35c20
BOSE|2023:01:25:18:46:52:288|BUY-TOKEN:4c42af26-0e9d-40f1-bedb-d2ac76c35c20-OK
BOSE|2023:01:25:18:46:52:288|LOCK_BUY-TASE Trader-KIND_TO_BUY:USD-QUANTITY_TO_BUY:10-BID:9.7995825-TOKEN:3dbef8c2-78ac-45a5-9999-d21301c5f481
BOSE|2023:01:25:18:46:52:288|BUY-TOKEN:3dbef8c2-78ac-45a5-9999-d21301c5f481-OK
BOSE|2023:01:25:18:46:52:288|LOCK_BUY-TASE Trader-KIND_TO_BUY:USD-QUANTITY_TO_BUY:10-BID:9.799583-TOKEN:ca1de02e-8757-45a2-8925-256f5a1f88d1
BOSE|2023:01:25:18:46:52:288|BUY-TOKEN:ca1de02e-8757-45a2-8925-256f5a1f88d1-OK
